<?xml version="1.0" encoding="UTF-8"?>
<!-- Generated by org.testng.reporters.JUnitReportReporter -->
<testsuite hostname="XIN009ODAB13539" name="com.hierarchymanager.testLib.SalesPersonTransfer" tests="1" failures="0" timestamp="1 Jul 2016 13:03:51 GMT" time="13.715" errors="0">
  <testcase name="searchPage" time="13.715" classname="com.hierarchymanager.testLib.SalesPersonTransfer"/>
</testsuite> <!-- com.hierarchymanager.testLib.SalesPersonTransfer -->
