<?xml version="1.0" encoding="UTF-8"?>
<!-- Generated by org.testng.reporters.JUnitReportReporter -->
<testsuite hostname="XIN009ODAB13539" name="com.hierarchymanager.testLib.VerifySearchPageSalesPersonTab" tests="1" failures="0" timestamp="10 Jun 2016 07:59:57 GMT" time="8.424" errors="0">
  <testcase name="searchPage" time="8.424" classname="com.hierarchymanager.testLib.VerifySearchPageSalesPersonTab"/>
</testsuite> <!-- com.hierarchymanager.testLib.VerifySearchPageSalesPersonTab -->
