<?xml version="1.0" encoding="UTF-8"?>
<!-- Generated by org.testng.reporters.JUnitReportReporter -->
<testsuite hostname="XIN009ODAB13539" name="com.hierarchymanager.testLib.SalesPerson_TeamSearch" tests="1" failures="0" timestamp="10 Jun 2016 07:59:57 GMT" time="0.109" errors="0">
  <testcase name="searchPage" time="0.109" classname="com.hierarchymanager.testLib.SalesPerson_TeamSearch"/>
</testsuite> <!-- com.hierarchymanager.testLib.SalesPerson_TeamSearch -->
