<?xml version="1.0" encoding="UTF-8"?>
<!-- Generated by org.testng.reporters.JUnitReportReporter -->
<testsuite hostname="XIN009ODAB13539" name="com.hierarchymanager.testLib.VerifyLookFeelHMhomePage" tests="1" failures="0" timestamp="10 Jun 2016 07:59:57 GMT" time="1.825" errors="0">
  <testcase name="lookFeel" time="1.825" classname="com.hierarchymanager.testLib.VerifyLookFeelHMhomePage"/>
</testsuite> <!-- com.hierarchymanager.testLib.VerifyLookFeelHMhomePage -->
