<?xml version="1.0" encoding="UTF-8"?>
<!-- Generated by org.testng.reporters.JUnitReportReporter -->
<testsuite hostname="XIN009ODAB13539" name="com.hierarchymanager.testLib.VerifyWFApprovalUnderUtilityTab" tests="1" failures="0" timestamp="10 Jun 2016 07:59:57 GMT" time="12.668" errors="0">
  <testcase name="searchPage" time="12.668" classname="com.hierarchymanager.testLib.VerifyWFApprovalUnderUtilityTab"/>
</testsuite> <!-- com.hierarchymanager.testLib.VerifyWFApprovalUnderUtilityTab -->
