<?xml version="1.0" encoding="UTF-8"?>
<!-- Generated by org.testng.reporters.JUnitReportReporter -->
<testsuite hostname="XIN009ODAB13539" name="com.reports.AllTest.ITS_Summary_Page_Year_End_CloseOut_Link" tests="1" failures="0" timestamp="30 Jun 2016 10:10:01 GMT" time="23.370" errors="0">
  <testcase name="configureBeforeMethod" time="23.370" classname="com.reports.AllTest.ITS_Summary_Page_Year_End_CloseOut_Link"/>
</testsuite> <!-- com.reports.AllTest.ITS_Summary_Page_Year_End_CloseOut_Link -->
